<?xml version="1.0" encoding="UTF-8"?>
<!-- Generated by org.testng.reporters.JUnitXMLReporter -->
<testsuite hostname="DESKTOP-6IFL0MR" ignored="0" name="Test" tests="3" failures="0" timestamp="01 Jun 2020 15:25:03 GMT" time="102.794" errors="0">
  <testcase name="APIdemo" time="31.447" classname="com.AppiumFramework.APIDemotest"/>
  <testcase name="APIdemo" time="31.797" classname="com.AppiumFramework.APIDemotest"/>
  <testcase name="twoproductsval" time="39.486" classname="com.AppiumFramework.EcomTC_4"/>
</testsuite> <!-- Test -->
